0 info it worked if it ends with ok
1 verbose cli [ 'C:\\shakti\\nodejs\\\\node.exe',
1 verbose cli   'C:\\shakti\\nodejs\\node_modules\\npm\\bin\\npm-cli.js',
1 verbose cli   'install',
1 verbose cli   'url',
1 verbose cli   'http',
1 verbose cli   'fs',
1 verbose cli   '--save' ]
2 info using npm@1.3.24
3 info using node@v0.10.25
4 verbose node symlink C:\shakti\nodejs\\node.exe
5 warn package.json MultiplayerChess@0.0.0 No repository field.
6 warn package.json path@0.4.9 path is also the name of a node core module.
7 verbose readDependencies using package.json deps
8 verbose cache add [ 'url', null ]
9 verbose cache add name=undefined spec="url" args=["url",null]
10 verbose parsed url { protocol: null,
10 verbose parsed url   slashes: null,
10 verbose parsed url   auth: null,
10 verbose parsed url   host: null,
10 verbose parsed url   port: null,
10 verbose parsed url   hostname: null,
10 verbose parsed url   hash: null,
10 verbose parsed url   search: null,
10 verbose parsed url   query: null,
10 verbose parsed url   pathname: 'url',
10 verbose parsed url   path: 'url',
10 verbose parsed url   href: 'url' }
11 verbose cache add [ 'http', null ]
12 verbose cache add name=undefined spec="http" args=["http",null]
13 verbose parsed url { protocol: null,
13 verbose parsed url   slashes: null,
13 verbose parsed url   auth: null,
13 verbose parsed url   host: null,
13 verbose parsed url   port: null,
13 verbose parsed url   hostname: null,
13 verbose parsed url   hash: null,
13 verbose parsed url   search: null,
13 verbose parsed url   query: null,
13 verbose parsed url   pathname: 'http',
13 verbose parsed url   path: 'http',
13 verbose parsed url   href: 'http' }
14 verbose cache add [ 'fs', null ]
15 verbose cache add name=undefined spec="fs" args=["fs",null]
16 verbose parsed url { protocol: null,
16 verbose parsed url   slashes: null,
16 verbose parsed url   auth: null,
16 verbose parsed url   host: null,
16 verbose parsed url   port: null,
16 verbose parsed url   hostname: null,
16 verbose parsed url   hash: null,
16 verbose parsed url   search: null,
16 verbose parsed url   query: null,
16 verbose parsed url   pathname: 'fs',
16 verbose parsed url   path: 'fs',
16 verbose parsed url   href: 'fs' }
17 silly lockFile 81736358-url url
18 verbose lock url C:\Users\Shakti\AppData\Roaming\npm-cache\81736358-url.lock
19 silly lockFile 77b5f8e3-http http
20 verbose lock http C:\Users\Shakti\AppData\Roaming\npm-cache\77b5f8e3-http.lock
21 silly lockFile 3f4bb586-fs fs
22 verbose lock fs C:\Users\Shakti\AppData\Roaming\npm-cache\3f4bb586-fs.lock
23 silly lockFile 77b5f8e3-http http
24 silly lockFile 77b5f8e3-http http
25 silly lockFile 81736358-url url
26 silly lockFile 81736358-url url
27 verbose addNamed [ 'url', '' ]
28 verbose addNamed [ null, '*' ]
29 silly lockFile b781997a-url url@
30 verbose lock url@ C:\Users\Shakti\AppData\Roaming\npm-cache\b781997a-url.lock
31 silly lockFile 3f4bb586-fs fs
32 silly lockFile 3f4bb586-fs fs
33 verbose addNamed [ 'http', '' ]
34 verbose addNamed [ null, '*' ]
35 silly lockFile c1086ff9-http http@
36 verbose lock http@ C:\Users\Shakti\AppData\Roaming\npm-cache\c1086ff9-http.lock
37 verbose addNamed [ 'fs', '' ]
38 verbose addNamed [ null, '*' ]
39 silly lockFile a107b96b-fs fs@
40 verbose lock fs@ C:\Users\Shakti\AppData\Roaming\npm-cache\a107b96b-fs.lock
41 silly addNameRange { name: 'url', range: '*', hasData: false }
42 silly addNameRange { name: 'http', range: '*', hasData: false }
43 verbose url raw http
44 verbose url resolving [ 'https://registry.npmjs.org/', './http' ]
45 verbose url resolved https://registry.npmjs.org/http
46 info trying registry request attempt 1 at 23:10:29
47 verbose etag "2MMPFIKI5YUHRDNEBXWU0JOBF"
48 http GET https://registry.npmjs.org/http
49 silly addNameRange { name: 'fs', range: '*', hasData: false }
50 verbose url raw url
51 verbose url resolving [ 'https://registry.npmjs.org/', './url' ]
52 verbose url resolved https://registry.npmjs.org/url
53 info trying registry request attempt 1 at 23:10:29
54 verbose etag "6O2H8RZXOZVUQ6836GL5ZCTX2"
55 http GET https://registry.npmjs.org/url
56 verbose url raw fs
57 verbose url resolving [ 'https://registry.npmjs.org/', './fs' ]
58 verbose url resolved https://registry.npmjs.org/fs
59 info trying registry request attempt 1 at 23:10:29
60 http GET https://registry.npmjs.org/fs
61 http 304 https://registry.npmjs.org/url
62 silly registry.get cb [ 304,
62 silly registry.get   { date: 'Sat, 08 Mar 2014 17:40:29 GMT',
62 silly registry.get     server: 'Apache',
62 silly registry.get     via: '1.1 varnish',
62 silly registry.get     'last-modified': 'Sat, 08 Mar 2014 17:40:29 GMT',
62 silly registry.get     'cache-control': 'max-age=1',
62 silly registry.get     etag: '"6O2H8RZXOZVUQ6836GL5ZCTX2"',
62 silly registry.get     'x-served-by': 'cache-sv61-SJC3',
62 silly registry.get     'x-cache': 'MISS',
62 silly registry.get     'x-cache-hits': '0',
62 silly registry.get     'x-timer': 'S1394300429.577930450,VS0,VE74',
62 silly registry.get     vary: 'Accept',
62 silly registry.get     'content-length': '0',
62 silly registry.get     'keep-alive': 'timeout=10, max=50',
62 silly registry.get     connection: 'Keep-Alive' } ]
63 verbose etag url from cache
64 silly addNameRange number 2 { name: 'url', range: '*', hasData: true }
65 silly addNameRange versions [ 'url', [ '0.4.9', '0.7.9' ] ]
66 verbose addNamed [ 'url', '0.7.9' ]
67 verbose addNamed [ '0.7.9', '0.7.9' ]
68 silly lockFile 8679e697-url-0-7-9 url@0.7.9
69 verbose lock url@0.7.9 C:\Users\Shakti\AppData\Roaming\npm-cache\8679e697-url-0-7-9.lock
70 silly lockFile 8679e697-url-0-7-9 url@0.7.9
71 silly lockFile 8679e697-url-0-7-9 url@0.7.9
72 silly lockFile b781997a-url url@
73 silly lockFile b781997a-url url@
74 http 404 https://registry.npmjs.org/fs
75 silly registry.get cb [ 404,
75 silly registry.get   { date: 'Sat, 08 Mar 2014 17:40:29 GMT',
75 silly registry.get     server: 'CouchDB/1.5.0 (Erlang OTP/R16B)',
75 silly registry.get     'content-type': 'application/json',
75 silly registry.get     via: '1.1 varnish',
75 silly registry.get     'cache-control': 'max-age=0',
75 silly registry.get     'content-length': '52',
75 silly registry.get     'accept-ranges': 'bytes',
75 silly registry.get     age: '0',
75 silly registry.get     'x-served-by': 'cache-v36-ASH, cache-sv94-SJC3',
75 silly registry.get     'x-cache': 'MISS, MISS',
75 silly registry.get     'x-cache-hits': '0, 0',
75 silly registry.get     'x-timer': 'S1394300429.557664394,VS0,VS-550,VE-467,VE159',
75 silly registry.get     'keep-alive': 'timeout=10, max=50',
75 silly registry.get     connection: 'Keep-Alive' } ]
76 silly lockFile a107b96b-fs fs@
77 silly lockFile a107b96b-fs fs@
78 error 404 'fs' is not in the npm registry.
78 error 404 You should bug the author to publish it
78 error 404 It was specified as a dependency of 'MultiplayerChess'
78 error 404
78 error 404 Note that you can also install from a
78 error 404 tarball, folder, or http url, or git url.
79 error System Windows_NT 6.1.7601
80 error command "C:\\shakti\\nodejs\\\\node.exe" "C:\\shakti\\nodejs\\node_modules\\npm\\bin\\npm-cli.js" "install" "url" "http" "fs" "--save"
81 error cwd C:\shakti\nodejs\heroku\MultiplayerChess
82 error node -v v0.10.25
83 error npm -v 1.3.24
84 error code E404
85 verbose exit [ 1, true ]
